* using log directory 'C:/Users/yury.maisiayonak/Desktop/New folder (4)/TTWebClient-R/RTTWebClient.Rcheck'
* using R version 3.6.1 (2019-07-05)
* using platform: x86_64-w64-mingw32 (64-bit)
* using session charset: ISO8859-1
* using options '--no-manual --as-cran'
* checking for file 'RTTWebClient/DESCRIPTION' ... OK
* checking extension type ... Package
* this is package 'RTTWebClient' version '0.1.0'
* package encoding: UTF-8
* checking package namespace information ... OK
* checking package dependencies ... OK
* checking if this is a source package ... OK
* checking if there is a namespace ... OK
* checking for executable files ... OK
* checking for hidden files and directories ... OK
* checking for portable file names ... OK
* checking serialization versions ... OK
* checking whether package 'RTTWebClient' can be installed ... OK
* checking installed package size ... OK
* checking package directory ... OK
* checking for future file timestamps ... OK
* checking DESCRIPTION meta-information ... NOTE
Malformed Description field: should contain one or more complete sentences.
* checking top-level files ... OK
* checking for left-over files ... OK
* checking index information ... OK
* checking package subdirectories ... OK
* checking R files for non-ASCII characters ... OK
* checking R files for syntax errors ... OK
* checking whether the package can be loaded ... OK
* checking whether the package can be loaded with stated dependencies ... OK
* checking whether the package can be unloaded cleanly ... OK
* checking whether the namespace can be loaded with stated dependencies ... OK
* checking whether the namespace can be unloaded cleanly ... OK
* checking loading without being on the library search path ... OK
* checking dependencies in R code ... NOTE
package 'methods' is used but not declared
* checking S3 generic/method consistency ... OK
* checking replacement functions ... OK
* checking foreign function calls ... OK
* checking R code for possible problems ... NOTE
GetBars: no visible binding for global variable 'Timestamp'
GetTicks: no visible binding for global variable 'Timestamp'
RTTWebClient: no visible global function definition for 'new'
RWebApiClient : getHMACHeaders: no visible global function definition
  for 'hmac'
RWebApiClient : <anonymous>: no visible binding for global variable
  'Symbol'
getHMACHeaders: no visible global function definition for 'hmac'
ttInitialize : <anonymous>: no visible global function definition for
  '%do%'
ttInitialize : <anonymous>: no visible global function definition for
  'foreach'
ttInitialize : <anonymous>: no visible binding for global variable
  'symbol'
ttInitialize : <anonymous>: no visible binding for global variable
  'Symbol'
Undefined global functions or variables:
  %do% Symbol Timestamp foreach hmac new symbol
Consider adding
  importFrom("methods", "new")
to your NAMESPACE file (and ensure that your DESCRIPTION Imports field
contains 'methods').
* checking Rd files ... OK
* checking Rd metadata ... OK
* checking Rd line widths ... OK
* checking Rd cross-references ... OK
* checking for missing documentation entries ... WARNING
Undocumented S4 classes:
  'RTTWebClient'
All user-level objects in a package (including S4 classes and methods)
should have documentation entries.
See chapter 'Writing R documentation files' in the 'Writing R
Extensions' manual.
* checking for code/documentation mismatches ... OK
* checking Rd \usage sections ... WARNING
Undocumented arguments in documentation object 'getHMACHeaders'
  'url' 'id' 'key' 'secret' 'method' 'body'

Functions with \usage entries need to have the appropriate \alias
entries, and all their arguments documented.
The \usage entries must correspond to syntactically valid R code.
See chapter 'Writing R documentation files' in the 'Writing R
Extensions' manual.
* checking Rd contents ... OK
* checking for unstated dependencies in examples ... OK
* checking examples ... NONE
* DONE
Status: 2 WARNINGs, 3 NOTEs
